<?xml version="1.0" encoding="UTF-8"?>
<!-- Generated by org.testng.reporters.JUnitReportReporter -->
<testsuite skipped="4" hostname="LAPTOP-0MRCKFGU" name="com.kayak.testcases.CalendarDemo" tests="5" failures="0" timestamp="2020-02-06T22:25:48 CST" time="64.497" errors="0">
  <testcase name="roundTrip" time="64.497" classname="com.kayak.testcases.CalendarDemo"/>
  <testcase name="cantDecide" classname="com.kayak.testcases.CalendarDemo">
    <skipped/>
  </testcase> <!-- cantDecide -->
  <testcase name="oneWay" classname="com.kayak.testcases.CalendarDemo">
    <skipped/>
  </testcase> <!-- oneWay -->
  <testcase name="swapDestination" classname="com.kayak.testcases.CalendarDemo">
    <skipped/>
  </testcase> <!-- swapDestination -->
  <testcase name="TripBuilder" classname="com.kayak.testcases.CalendarDemo">
    <skipped/>
  </testcase> <!-- TripBuilder -->
</testsuite> <!-- com.kayak.testcases.CalendarDemo -->
